2022-11-30 17:46:18.076588: I tensorflow/core/platform/cpu_feature_guard.cc:142] This TensorFlow binary is optimized with oneAPI Deep Neural Network Library (oneDNN) to use the following CPU instructions in performance-critical operations:  SSE4.1 SSE4.2 AVX AVX2 FMA
To enable them in other operations, rebuild TensorFlow with the appropriate compiler flags.
2022-11-30 17:46:18.780955: I tensorflow/core/common_runtime/gpu/gpu_device.cc:1510] Created device /job:localhost/replica:0/task:0/device:GPU:0 with 9651 MB memory:  -> device: 0, name: NVIDIA GeForce RTX 2080 Ti, pci bus id: 0000:84:00.0, compute capability: 7.5
tf.Tensor([  1 337 512   3], shape=(4,), dtype=int32)
tf.Tensor([  1 405 512   3], shape=(4,), dtype=int32)
Traceback (most recent call last):
  File "train.py", line 28, in <module>
    vgg= tf.keras.applications.VGG19(include_top= True, weights= "imagenet")
  File "/home/fpds08/.conda/envs/my_tfl/lib/python3.8/site-packages/keras/applications/vgg19.py", line 225, in VGG19
    model.load_weights(weights_path)
  File "/home/fpds08/.conda/envs/my_tfl/lib/python3.8/site-packages/keras/engine/training.py", line 2354, in load_weights
    with h5py.File(filepath, 'r') as f:
  File "/home/fpds08/.conda/envs/my_tfl/lib/python3.8/site-packages/h5py/_hl/files.py", line 424, in __init__
    fid = make_fid(name, mode, userblock_size,
  File "/home/fpds08/.conda/envs/my_tfl/lib/python3.8/site-packages/h5py/_hl/files.py", line 190, in make_fid
    fid = h5f.open(name, flags, fapl=fapl)
  File "h5py/_objects.pyx", line 54, in h5py._objects.with_phil.wrapper
  File "h5py/_objects.pyx", line 55, in h5py._objects.with_phil.wrapper
  File "h5py/h5f.pyx", line 96, in h5py.h5f.open
OSError: Unable to open file (file read failed: time = Wed Nov 30 17:46:20 2022
, filename = '/home/fpds08/.keras/models/vgg19_weights_tf_dim_ordering_tf_kernels.h5', file descriptor = 24, errno = 5, error message = 'Input/output error', buf = 0x7ffec975aab0, total read size = 8, bytes this sub-read = 8, bytes actually read = 18446744073709551615, offset = 0)
srun: error: gpu05: task 0: Exited with exit code 1
